[ 2015-12-25T01:00:45+08:00 ] 192.168.1.83 /filter/index.php/resources/css/default.css
INFO: [ app_init ] --START--
INFO: Run Behavior\BuildLiteBehavior [ RunTime:0.000011s ]
INFO: [ app_init ] --END-- [ RunTime:0.000175s ]
ERR: 无法加载模块:Resources

[ 2015-12-25T01:00:45+08:00 ] 192.168.1.83 /filter/index.php/resources/scripts/jquery-1.7.1.min.js
INFO: [ app_init ] --START--
INFO: Run Behavior\BuildLiteBehavior [ RunTime:0.000013s ]
INFO: [ app_init ] --END-- [ RunTime:0.000237s ]
ERR: 无法加载模块:Resources

[ 2015-12-25T01:00:45+08:00 ] 192.168.1.83 /filter/index.php/resources/scripts/player/splitter.js
INFO: [ app_init ] --START--
INFO: Run Behavior\BuildLiteBehavior [ RunTime:0.000010s ]
INFO: [ app_init ] --END-- [ RunTime:0.000158s ]
ERR: 无法加载模块:Resources

[ 2015-12-25T01:00:45+08:00 ] 192.168.1.83 /filter/index.php/resources/scripts/axutils.js
INFO: [ app_init ] --START--
INFO: Run Behavior\BuildLiteBehavior [ RunTime:0.000016s ]
INFO: [ app_init ] --END-- [ RunTime:0.000285s ]
ERR: 无法加载模块:Resources

[ 2015-12-25T01:00:45+08:00 ] 192.168.1.83 /filter/index.php/resources/scripts/player/axplayer.js
INFO: [ app_init ] --START--
INFO: Run Behavior\BuildLiteBehavior [ RunTime:0.000014s ]
INFO: [ app_init ] --END-- [ RunTime:0.000203s ]
ERR: 无法加载模块:Resources

[ 2015-12-25T01:00:45+08:00 ] 192.168.1.83 /filter/index.php/plugins/page_notes/styles/page_notes.css
INFO: [ app_init ] --START--
INFO: Run Behavior\BuildLiteBehavior [ RunTime:0.000008s ]
INFO: [ app_init ] --END-- [ RunTime:0.000151s ]
ERR: 无法加载模块:Plugins

[ 2015-12-25T01:00:45+08:00 ] 192.168.1.83 /filter/index.php/resources/scripts/messagecenter.js
INFO: [ app_init ] --START--
INFO: Run Behavior\BuildLiteBehavior [ RunTime:0.000009s ]
INFO: [ app_init ] --END-- [ RunTime:0.000170s ]
ERR: 无法加载模块:Resources

[ 2015-12-25T01:00:45+08:00 ] 192.168.1.83 /filter/index.php/data/document.js
INFO: [ app_init ] --START--
INFO: Run Behavior\BuildLiteBehavior [ RunTime:0.000010s ]
INFO: [ app_init ] --END-- [ RunTime:0.000161s ]
ERR: 无法加载模块:Data

[ 2015-12-25T01:00:45+08:00 ] 192.168.1.83 /filter/index.php/plugins/sitemap/sitemap.js
INFO: [ app_init ] --START--
INFO: Run Behavior\BuildLiteBehavior [ RunTime:0.000009s ]
INFO: [ app_init ] --END-- [ RunTime:0.000159s ]
ERR: 无法加载模块:Plugins

[ 2015-12-25T01:00:45+08:00 ] 192.168.1.83 /filter/index.php/resources/css/reset.css
INFO: [ app_init ] --START--
INFO: Run Behavior\BuildLiteBehavior [ RunTime:0.000026s ]
INFO: [ app_init ] --END-- [ RunTime:0.089350s ]
ERR: 无法加载模块:Resources

[ 2015-12-25T01:00:45+08:00 ] 192.168.1.83 /filter/index.php/plugins/page_notes/page_notes.js
INFO: [ app_init ] --START--
INFO: Run Behavior\BuildLiteBehavior [ RunTime:0.000012s ]
INFO: [ app_init ] --END-- [ RunTime:0.000192s ]
ERR: 无法加载模块:Plugins

[ 2015-12-25T01:00:45+08:00 ] 192.168.1.83 /filter/index.php/resources/scripts/jquery-1.7.1.min.js
INFO: [ app_init ] --START--
INFO: Run Behavior\BuildLiteBehavior [ RunTime:0.000010s ]
INFO: [ app_init ] --END-- [ RunTime:0.000165s ]
ERR: 无法加载模块:Resources

[ 2015-12-25T01:00:45+08:00 ] 192.168.1.83 /filter/index.php/plugins/sitemap/styles/sitemap.css
INFO: [ app_init ] --START--
INFO: Run Behavior\BuildLiteBehavior [ RunTime:0.000019s ]
INFO: [ app_init ] --END-- [ RunTime:0.000421s ]
ERR: 无法加载模块:Plugins

[ 2015-12-25T01:00:45+08:00 ] 192.168.1.83 /filter/index.php/resources/scripts/player/splitter.js
INFO: [ app_init ] --START--
INFO: Run Behavior\BuildLiteBehavior [ RunTime:0.000014s ]
INFO: [ app_init ] --END-- [ RunTime:0.000269s ]
ERR: 无法加载模块:Resources

[ 2015-12-25T01:00:45+08:00 ] 192.168.1.83 /filter/index.php/resources/scripts/axutils.js
INFO: [ app_init ] --START--
INFO: Run Behavior\BuildLiteBehavior [ RunTime:0.000009s ]
INFO: [ app_init ] --END-- [ RunTime:0.000158s ]
ERR: 无法加载模块:Resources

[ 2015-12-25T01:00:45+08:00 ] 192.168.1.83 /filter/index.php/resources/scripts/player/axplayer.js
INFO: [ app_init ] --START--
INFO: Run Behavior\BuildLiteBehavior [ RunTime:0.000010s ]
INFO: [ app_init ] --END-- [ RunTime:0.000168s ]
ERR: 无法加载模块:Resources

[ 2015-12-25T01:00:45+08:00 ] 192.168.1.83 /filter/index.php/resources/scripts/messagecenter.js
INFO: [ app_init ] --START--
INFO: Run Behavior\BuildLiteBehavior [ RunTime:0.000009s ]
INFO: [ app_init ] --END-- [ RunTime:0.000163s ]
ERR: 无法加载模块:Resources

[ 2015-12-25T01:00:45+08:00 ] 192.168.1.83 /filter/index.php/data/document.js
INFO: [ app_init ] --START--
INFO: Run Behavior\BuildLiteBehavior [ RunTime:0.000010s ]
INFO: [ app_init ] --END-- [ RunTime:0.000162s ]
ERR: 无法加载模块:Data

[ 2015-12-25T01:00:45+08:00 ] 192.168.1.83 /filter/index.php/plugins/sitemap/styles/sitemap.css
INFO: [ app_init ] --START--
INFO: Run Behavior\BuildLiteBehavior [ RunTime:0.000016s ]
INFO: [ app_init ] --END-- [ RunTime:0.000314s ]
ERR: 无法加载模块:Plugins

[ 2015-12-25T01:00:45+08:00 ] 192.168.1.83 /filter/index.php/plugins/sitemap/sitemap.js
INFO: [ app_init ] --START--
INFO: Run Behavior\BuildLiteBehavior [ RunTime:0.000010s ]
INFO: [ app_init ] --END-- [ RunTime:0.000163s ]
ERR: 无法加载模块:Plugins

[ 2015-12-25T01:00:45+08:00 ] 192.168.1.83 /filter/index.php/plugins/page_notes/styles/page_notes.css
INFO: [ app_init ] --START--
INFO: Run Behavior\BuildLiteBehavior [ RunTime:0.000012s ]
INFO: [ app_init ] --END-- [ RunTime:0.000213s ]
ERR: 无法加载模块:Plugins

[ 2015-12-25T01:00:45+08:00 ] 192.168.1.83 /filter/index.php/plugins/page_notes/page_notes.js
INFO: [ app_init ] --START--
INFO: Run Behavior\BuildLiteBehavior [ RunTime:0.000017s ]
INFO: [ app_init ] --END-- [ RunTime:0.000314s ]
ERR: 无法加载模块:Plugins

[ 2015-12-25T01:00:46+08:00 ] 192.168.1.83 /filter/index.php/resources/expand.html
INFO: [ app_init ] --START--
INFO: Run Behavior\BuildLiteBehavior [ RunTime:0.000011s ]
INFO: [ app_init ] --END-- [ RunTime:0.000169s ]
ERR: 无法加载模块:Resources

[ 2015-12-25T01:03:23+08:00 ] 192.168.1.83 /filter/index.php/resources/scripts/jquery-1.7.1.min.js
INFO: [ app_init ] --START--
INFO: Run Behavior\BuildLiteBehavior [ RunTime:0.000011s ]
INFO: [ app_init ] --END-- [ RunTime:0.000221s ]
ERR: 无法加载模块:Resources

[ 2015-12-25T01:03:23+08:00 ] 192.168.1.83 /filter/index.php/resources/css/default.css
INFO: [ app_init ] --START--
INFO: Run Behavior\BuildLiteBehavior [ RunTime:0.000015s ]
INFO: [ app_init ] --END-- [ RunTime:0.000304s ]
ERR: 无法加载模块:Resources

[ 2015-12-25T01:03:23+08:00 ] 192.168.1.83 /filter/index.php/resources/scripts/axutils.js
INFO: [ app_init ] --START--
INFO: Run Behavior\BuildLiteBehavior [ RunTime:0.000010s ]
INFO: [ app_init ] --END-- [ RunTime:0.000162s ]
ERR: 无法加载模块:Resources

[ 2015-12-25T01:03:23+08:00 ] 192.168.1.83 /filter/index.php/resources/scripts/player/axplayer.js
INFO: [ app_init ] --START--
INFO: Run Behavior\BuildLiteBehavior [ RunTime:0.000011s ]
INFO: [ app_init ] --END-- [ RunTime:0.000181s ]
ERR: 无法加载模块:Resources

[ 2015-12-25T01:03:23+08:00 ] 192.168.1.83 /filter/index.php/data/document.js
INFO: [ app_init ] --START--
INFO: Run Behavior\BuildLiteBehavior [ RunTime:0.000010s ]
INFO: [ app_init ] --END-- [ RunTime:0.000158s ]
ERR: 无法加载模块:Data

[ 2015-12-25T01:03:23+08:00 ] 192.168.1.83 /filter/index.php/plugins/sitemap/styles/sitemap.css
INFO: [ app_init ] --START--
INFO: Run Behavior\BuildLiteBehavior [ RunTime:0.000011s ]
INFO: [ app_init ] --END-- [ RunTime:0.000166s ]
ERR: 无法加载模块:Plugins

[ 2015-12-25T01:03:23+08:00 ] 192.168.1.83 /filter/index.php/resources/scripts/player/splitter.js
INFO: [ app_init ] --START--
INFO: Run Behavior\BuildLiteBehavior [ RunTime:0.000016s ]
INFO: [ app_init ] --END-- [ RunTime:0.000315s ]
ERR: 无法加载模块:Resources

[ 2015-12-25T01:03:23+08:00 ] 192.168.1.83 /filter/index.php/resources/scripts/messagecenter.js
INFO: [ app_init ] --START--
INFO: Run Behavior\BuildLiteBehavior [ RunTime:0.000011s ]
INFO: [ app_init ] --END-- [ RunTime:0.000225s ]
ERR: 无法加载模块:Resources

[ 2015-12-25T01:03:23+08:00 ] 192.168.1.83 /filter/index.php/resources/css/reset.css
INFO: [ app_init ] --START--
INFO: Run Behavior\BuildLiteBehavior [ RunTime:0.000014s ]
INFO: [ app_init ] --END-- [ RunTime:0.000250s ]
ERR: 无法加载模块:Resources

[ 2015-12-25T01:03:23+08:00 ] 192.168.1.83 /filter/index.php/resources/scripts/jquery-1.7.1.min.js
INFO: [ app_init ] --START--
INFO: Run Behavior\BuildLiteBehavior [ RunTime:0.000009s ]
INFO: [ app_init ] --END-- [ RunTime:0.000157s ]
ERR: 无法加载模块:Resources

[ 2015-12-25T01:03:23+08:00 ] 192.168.1.83 /filter/index.php/plugins/sitemap/sitemap.js
INFO: [ app_init ] --START--
INFO: Run Behavior\BuildLiteBehavior [ RunTime:0.000010s ]
INFO: [ app_init ] --END-- [ RunTime:0.000173s ]
ERR: 无法加载模块:Plugins

[ 2015-12-25T01:03:23+08:00 ] 192.168.1.83 /filter/index.php/plugins/page_notes/styles/page_notes.css
INFO: [ app_init ] --START--
INFO: Run Behavior\BuildLiteBehavior [ RunTime:0.000010s ]
INFO: [ app_init ] --END-- [ RunTime:0.000169s ]
ERR: 无法加载模块:Plugins

[ 2015-12-25T01:03:23+08:00 ] 192.168.1.83 /filter/index.php/resources/scripts/player/splitter.js
INFO: [ app_init ] --START--
INFO: Run Behavior\BuildLiteBehavior [ RunTime:0.000013s ]
INFO: [ app_init ] --END-- [ RunTime:0.000233s ]
ERR: 无法加载模块:Resources

[ 2015-12-25T01:03:23+08:00 ] 192.168.1.83 /filter/index.php/plugins/page_notes/page_notes.js
INFO: [ app_init ] --START--
INFO: Run Behavior\BuildLiteBehavior [ RunTime:0.000011s ]
INFO: [ app_init ] --END-- [ RunTime:0.000201s ]
ERR: 无法加载模块:Plugins

[ 2015-12-25T01:03:23+08:00 ] 192.168.1.83 /filter/index.php/resources/scripts/axutils.js
INFO: [ app_init ] --START--
INFO: Run Behavior\BuildLiteBehavior [ RunTime:0.000010s ]
INFO: [ app_init ] --END-- [ RunTime:0.000167s ]
ERR: 无法加载模块:Resources

[ 2015-12-25T01:03:23+08:00 ] 192.168.1.83 /filter/index.php/resources/scripts/player/axplayer.js
INFO: [ app_init ] --START--
INFO: Run Behavior\BuildLiteBehavior [ RunTime:0.000009s ]
INFO: [ app_init ] --END-- [ RunTime:0.000157s ]
ERR: 无法加载模块:Resources

[ 2015-12-25T01:03:23+08:00 ] 192.168.1.83 /filter/index.php/resources/scripts/messagecenter.js
INFO: [ app_init ] --START--
INFO: Run Behavior\BuildLiteBehavior [ RunTime:0.000010s ]
INFO: [ app_init ] --END-- [ RunTime:0.000163s ]
ERR: 无法加载模块:Resources

[ 2015-12-25T01:03:23+08:00 ] 192.168.1.83 /filter/index.php/data/document.js
INFO: [ app_init ] --START--
INFO: Run Behavior\BuildLiteBehavior [ RunTime:0.000010s ]
INFO: [ app_init ] --END-- [ RunTime:0.000160s ]
ERR: 无法加载模块:Data

[ 2015-12-25T01:03:23+08:00 ] 192.168.1.83 /filter/index.php/plugins/sitemap/styles/sitemap.css
INFO: [ app_init ] --START--
INFO: Run Behavior\BuildLiteBehavior [ RunTime:0.000012s ]
INFO: [ app_init ] --END-- [ RunTime:0.000227s ]
ERR: 无法加载模块:Plugins

[ 2015-12-25T01:03:23+08:00 ] 192.168.1.83 /filter/index.php/plugins/sitemap/sitemap.js
INFO: [ app_init ] --START--
INFO: Run Behavior\BuildLiteBehavior [ RunTime:0.000015s ]
INFO: [ app_init ] --END-- [ RunTime:0.000242s ]
ERR: 无法加载模块:Plugins

[ 2015-12-25T01:03:23+08:00 ] 192.168.1.83 /filter/index.php/plugins/page_notes/styles/page_notes.css
INFO: [ app_init ] --START--
INFO: Run Behavior\BuildLiteBehavior [ RunTime:0.000010s ]
INFO: [ app_init ] --END-- [ RunTime:0.000163s ]
ERR: 无法加载模块:Plugins

[ 2015-12-25T01:03:23+08:00 ] 192.168.1.83 /filter/index.php/plugins/page_notes/page_notes.js
INFO: [ app_init ] --START--
INFO: Run Behavior\BuildLiteBehavior [ RunTime:0.000009s ]
INFO: [ app_init ] --END-- [ RunTime:0.000162s ]
ERR: 无法加载模块:Plugins

[ 2015-12-25T01:03:23+08:00 ] 192.168.1.83 /filter/index.php/resources/expand.html
INFO: [ app_init ] --START--
INFO: Run Behavior\BuildLiteBehavior [ RunTime:0.000014s ]
INFO: [ app_init ] --END-- [ RunTime:0.000257s ]
ERR: 无法加载模块:Resources

[ 2015-12-25T01:03:25+08:00 ] 192.168.1.83 /filter/index.php/resources/css/default.css
INFO: [ app_init ] --START--
INFO: Run Behavior\BuildLiteBehavior [ RunTime:0.000014s ]
INFO: [ app_init ] --END-- [ RunTime:0.000270s ]
ERR: 无法加载模块:Resources

[ 2015-12-25T01:03:25+08:00 ] 192.168.1.83 /filter/index.php/resources/scripts/player/splitter.js
INFO: [ app_init ] --START--
INFO: Run Behavior\BuildLiteBehavior [ RunTime:0.000012s ]
INFO: [ app_init ] --END-- [ RunTime:0.000221s ]
ERR: 无法加载模块:Resources

[ 2015-12-25T01:03:25+08:00 ] 192.168.1.83 /filter/index.php/resources/scripts/axutils.js
INFO: [ app_init ] --START--
INFO: Run Behavior\BuildLiteBehavior [ RunTime:0.000010s ]
INFO: [ app_init ] --END-- [ RunTime:0.000173s ]
ERR: 无法加载模块:Resources

[ 2015-12-25T01:03:25+08:00 ] 192.168.1.83 /filter/index.php/resources/scripts/player/axplayer.js
INFO: [ app_init ] --START--
INFO: Run Behavior\BuildLiteBehavior [ RunTime:0.000010s ]
INFO: [ app_init ] --END-- [ RunTime:0.000172s ]
ERR: 无法加载模块:Resources

[ 2015-12-25T01:03:25+08:00 ] 192.168.1.83 /filter/index.php/plugins/sitemap/styles/sitemap.css
INFO: [ app_init ] --START--
INFO: Run Behavior\BuildLiteBehavior [ RunTime:0.000010s ]
INFO: [ app_init ] --END-- [ RunTime:0.000168s ]
ERR: 无法加载模块:Plugins

[ 2015-12-25T01:03:25+08:00 ] 192.168.1.83 /filter/index.php/data/document.js
INFO: [ app_init ] --START--
INFO: Run Behavior\BuildLiteBehavior [ RunTime:0.000009s ]
INFO: [ app_init ] --END-- [ RunTime:0.000162s ]
ERR: 无法加载模块:Data

[ 2015-12-25T01:03:25+08:00 ] 192.168.1.83 /filter/index.php/plugins/sitemap/sitemap.js
INFO: [ app_init ] --START--
INFO: Run Behavior\BuildLiteBehavior [ RunTime:0.000009s ]
INFO: [ app_init ] --END-- [ RunTime:0.000156s ]
ERR: 无法加载模块:Plugins

[ 2015-12-25T01:03:25+08:00 ] 192.168.1.83 /filter/index.php/resources/scripts/messagecenter.js
INFO: [ app_init ] --START--
INFO: Run Behavior\BuildLiteBehavior [ RunTime:0.000011s ]
INFO: [ app_init ] --END-- [ RunTime:0.000166s ]
ERR: 无法加载模块:Resources

[ 2015-12-25T01:03:25+08:00 ] 192.168.1.83 /filter/index.php/resources/scripts/jquery-1.7.1.min.js
INFO: [ app_init ] --START--
INFO: Run Behavior\BuildLiteBehavior [ RunTime:0.000016s ]
INFO: [ app_init ] --END-- [ RunTime:0.063007s ]
ERR: 无法加载模块:Resources

[ 2015-12-25T01:03:25+08:00 ] 192.168.1.83 /filter/index.php/resources/css/reset.css
INFO: [ app_init ] --START--
INFO: Run Behavior\BuildLiteBehavior [ RunTime:0.000010s ]
INFO: [ app_init ] --END-- [ RunTime:0.000193s ]
ERR: 无法加载模块:Resources

[ 2015-12-25T01:03:25+08:00 ] 192.168.1.83 /filter/index.php/plugins/page_notes/styles/page_notes.css
INFO: [ app_init ] --START--
INFO: Run Behavior\BuildLiteBehavior [ RunTime:0.000020s ]
INFO: [ app_init ] --END-- [ RunTime:0.000445s ]
ERR: 无法加载模块:Plugins

[ 2015-12-25T01:03:25+08:00 ] 192.168.1.83 /filter/index.php/resources/scripts/jquery-1.7.1.min.js
INFO: [ app_init ] --START--
INFO: Run Behavior\BuildLiteBehavior [ RunTime:0.000011s ]
INFO: [ app_init ] --END-- [ RunTime:0.000204s ]
ERR: 无法加载模块:Resources

[ 2015-12-25T01:03:25+08:00 ] 192.168.1.83 /filter/index.php/plugins/page_notes/page_notes.js
INFO: [ app_init ] --START--
INFO: Run Behavior\BuildLiteBehavior [ RunTime:0.000009s ]
INFO: [ app_init ] --END-- [ RunTime:0.000161s ]
ERR: 无法加载模块:Plugins

[ 2015-12-25T01:03:25+08:00 ] 192.168.1.83 /filter/index.php/resources/scripts/player/splitter.js
INFO: [ app_init ] --START--
INFO: Run Behavior\BuildLiteBehavior [ RunTime:0.000009s ]
INFO: [ app_init ] --END-- [ RunTime:0.000163s ]
ERR: 无法加载模块:Resources

[ 2015-12-25T01:03:25+08:00 ] 192.168.1.83 /filter/index.php/resources/scripts/axutils.js
INFO: [ app_init ] --START--
INFO: Run Behavior\BuildLiteBehavior [ RunTime:0.000010s ]
INFO: [ app_init ] --END-- [ RunTime:0.000161s ]
ERR: 无法加载模块:Resources

[ 2015-12-25T01:03:25+08:00 ] 192.168.1.83 /filter/index.php/resources/scripts/player/axplayer.js
INFO: [ app_init ] --START--
INFO: Run Behavior\BuildLiteBehavior [ RunTime:0.000008s ]
INFO: [ app_init ] --END-- [ RunTime:0.000155s ]
ERR: 无法加载模块:Resources

[ 2015-12-25T01:03:25+08:00 ] 192.168.1.83 /filter/index.php/resources/scripts/messagecenter.js
INFO: [ app_init ] --START--
INFO: Run Behavior\BuildLiteBehavior [ RunTime:0.000009s ]
INFO: [ app_init ] --END-- [ RunTime:0.000162s ]
ERR: 无法加载模块:Resources

[ 2015-12-25T01:03:25+08:00 ] 192.168.1.83 /filter/index.php/data/document.js
INFO: [ app_init ] --START--
INFO: Run Behavior\BuildLiteBehavior [ RunTime:0.000010s ]
INFO: [ app_init ] --END-- [ RunTime:0.000171s ]
ERR: 无法加载模块:Data

[ 2015-12-25T01:03:25+08:00 ] 192.168.1.83 /filter/index.php/plugins/sitemap/styles/sitemap.css
INFO: [ app_init ] --START--
INFO: Run Behavior\BuildLiteBehavior [ RunTime:0.000009s ]
INFO: [ app_init ] --END-- [ RunTime:0.000162s ]
ERR: 无法加载模块:Plugins

[ 2015-12-25T01:03:25+08:00 ] 192.168.1.83 /filter/index.php/plugins/sitemap/sitemap.js
INFO: [ app_init ] --START--
INFO: Run Behavior\BuildLiteBehavior [ RunTime:0.000010s ]
INFO: [ app_init ] --END-- [ RunTime:0.000161s ]
ERR: 无法加载模块:Plugins

[ 2015-12-25T01:03:25+08:00 ] 192.168.1.83 /filter/index.php/plugins/page_notes/styles/page_notes.css
INFO: [ app_init ] --START--
INFO: Run Behavior\BuildLiteBehavior [ RunTime:0.000010s ]
INFO: [ app_init ] --END-- [ RunTime:0.000160s ]
ERR: 无法加载模块:Plugins

[ 2015-12-25T01:03:25+08:00 ] 192.168.1.83 /filter/index.php/plugins/page_notes/page_notes.js
INFO: [ app_init ] --START--
INFO: Run Behavior\BuildLiteBehavior [ RunTime:0.000012s ]
INFO: [ app_init ] --END-- [ RunTime:0.000187s ]
ERR: 无法加载模块:Plugins

[ 2015-12-25T01:03:25+08:00 ] 192.168.1.83 /filter/index.php/resources/expand.html
INFO: [ app_init ] --START--
INFO: Run Behavior\BuildLiteBehavior [ RunTime:0.000009s ]
INFO: [ app_init ] --END-- [ RunTime:0.000167s ]
ERR: 无法加载模块:Resources

[ 2015-12-25T01:03:26+08:00 ] 192.168.1.83 /filter/index.php/resources/css/default.css
INFO: [ app_init ] --START--
INFO: Run Behavior\BuildLiteBehavior [ RunTime:0.000010s ]
INFO: [ app_init ] --END-- [ RunTime:0.000178s ]
ERR: 无法加载模块:Resources

[ 2015-12-25T01:03:26+08:00 ] 192.168.1.83 /filter/index.php/resources/scripts/jquery-1.7.1.min.js
INFO: [ app_init ] --START--
INFO: Run Behavior\BuildLiteBehavior [ RunTime:0.000013s ]
INFO: [ app_init ] --END-- [ RunTime:0.000264s ]
ERR: 无法加载模块:Resources

[ 2015-12-25T01:03:26+08:00 ] 192.168.1.83 /filter/index.php/resources/scripts/player/splitter.js
INFO: [ app_init ] --START--
INFO: Run Behavior\BuildLiteBehavior [ RunTime:0.000011s ]
INFO: [ app_init ] --END-- [ RunTime:0.000164s ]
ERR: 无法加载模块:Resources

[ 2015-12-25T01:03:26+08:00 ] 192.168.1.83 /filter/index.php/resources/scripts/axutils.js
INFO: [ app_init ] --START--
INFO: Run Behavior\BuildLiteBehavior [ RunTime:0.000016s ]
INFO: [ app_init ] --END-- [ RunTime:0.000304s ]
ERR: 无法加载模块:Resources

[ 2015-12-25T01:03:26+08:00 ] 192.168.1.83 /filter/index.php/resources/scripts/player/axplayer.js
INFO: [ app_init ] --START--
INFO: Run Behavior\BuildLiteBehavior [ RunTime:0.000008s ]
INFO: [ app_init ] --END-- [ RunTime:0.000150s ]
ERR: 无法加载模块:Resources

[ 2015-12-25T01:03:26+08:00 ] 192.168.1.83 /filter/index.php/plugins/sitemap/styles/sitemap.css
INFO: [ app_init ] --START--
INFO: Run Behavior\BuildLiteBehavior [ RunTime:0.000011s ]
INFO: [ app_init ] --END-- [ RunTime:0.000175s ]
ERR: 无法加载模块:Plugins

[ 2015-12-25T01:03:26+08:00 ] 192.168.1.83 /filter/index.php/plugins/sitemap/sitemap.js
INFO: [ app_init ] --START--
INFO: Run Behavior\BuildLiteBehavior [ RunTime:0.000014s ]
INFO: [ app_init ] --END-- [ RunTime:0.000260s ]
ERR: 无法加载模块:Plugins

[ 2015-12-25T01:03:26+08:00 ] 192.168.1.83 /filter/index.php/resources/scripts/messagecenter.js
INFO: [ app_init ] --START--
INFO: Run Behavior\BuildLiteBehavior [ RunTime:0.000010s ]
INFO: [ app_init ] --END-- [ RunTime:0.000178s ]
ERR: 无法加载模块:Resources

[ 2015-12-25T01:03:26+08:00 ] 192.168.1.83 /filter/index.php/data/document.js
INFO: [ app_init ] --START--
INFO: Run Behavior\BuildLiteBehavior [ RunTime:0.000015s ]
INFO: [ app_init ] --END-- [ RunTime:0.000292s ]
ERR: 无法加载模块:Data

[ 2015-12-25T01:03:26+08:00 ] 192.168.1.83 /filter/index.php/resources/css/reset.css
INFO: [ app_init ] --START--
INFO: Run Behavior\BuildLiteBehavior [ RunTime:0.000014s ]
INFO: [ app_init ] --END-- [ RunTime:0.000338s ]
ERR: 无法加载模块:Resources

[ 2015-12-25T01:03:26+08:00 ] 192.168.1.83 /filter/index.php/plugins/page_notes/page_notes.js
INFO: [ app_init ] --START--
INFO: Run Behavior\BuildLiteBehavior [ RunTime:0.000110s ]
INFO: [ app_init ] --END-- [ RunTime:0.000621s ]
ERR: 无法加载模块:Plugins

[ 2015-12-25T01:03:26+08:00 ] 192.168.1.83 /filter/index.php/resources/scripts/jquery-1.7.1.min.js
INFO: [ app_init ] --START--
INFO: Run Behavior\BuildLiteBehavior [ RunTime:0.000010s ]
INFO: [ app_init ] --END-- [ RunTime:0.000158s ]
ERR: 无法加载模块:Resources

[ 2015-12-25T01:03:26+08:00 ] 192.168.1.83 /filter/index.php/plugins/page_notes/styles/page_notes.css
INFO: [ app_init ] --START--
INFO: Run Behavior\BuildLiteBehavior [ RunTime:0.000009s ]
INFO: [ app_init ] --END-- [ RunTime:0.000159s ]
ERR: 无法加载模块:Plugins

[ 2015-12-25T01:03:26+08:00 ] 192.168.1.83 /filter/index.php/resources/scripts/player/splitter.js
INFO: [ app_init ] --START--
INFO: Run Behavior\BuildLiteBehavior [ RunTime:0.000009s ]
INFO: [ app_init ] --END-- [ RunTime:0.000159s ]
ERR: 无法加载模块:Resources

[ 2015-12-25T01:03:26+08:00 ] 192.168.1.83 /filter/index.php/resources/scripts/axutils.js
INFO: [ app_init ] --START--
INFO: Run Behavior\BuildLiteBehavior [ RunTime:0.000011s ]
INFO: [ app_init ] --END-- [ RunTime:0.000193s ]
ERR: 无法加载模块:Resources

[ 2015-12-25T01:03:26+08:00 ] 192.168.1.83 /filter/index.php/resources/scripts/player/axplayer.js
INFO: [ app_init ] --START--
INFO: Run Behavior\BuildLiteBehavior [ RunTime:0.000009s ]
INFO: [ app_init ] --END-- [ RunTime:0.000159s ]
ERR: 无法加载模块:Resources

[ 2015-12-25T01:03:26+08:00 ] 192.168.1.83 /filter/index.php/resources/scripts/messagecenter.js
INFO: [ app_init ] --START--
INFO: Run Behavior\BuildLiteBehavior [ RunTime:0.000010s ]
INFO: [ app_init ] --END-- [ RunTime:0.000171s ]
ERR: 无法加载模块:Resources

[ 2015-12-25T01:03:26+08:00 ] 192.168.1.83 /filter/index.php/data/document.js
INFO: [ app_init ] --START--
INFO: Run Behavior\BuildLiteBehavior [ RunTime:0.000016s ]
INFO: [ app_init ] --END-- [ RunTime:0.000342s ]
ERR: 无法加载模块:Data

[ 2015-12-25T01:03:26+08:00 ] 192.168.1.83 /filter/index.php/plugins/sitemap/styles/sitemap.css
INFO: [ app_init ] --START--
INFO: Run Behavior\BuildLiteBehavior [ RunTime:0.000008s ]
INFO: [ app_init ] --END-- [ RunTime:0.000152s ]
ERR: 无法加载模块:Plugins

[ 2015-12-25T01:03:26+08:00 ] 192.168.1.83 /filter/index.php/plugins/sitemap/sitemap.js
INFO: [ app_init ] --START--
INFO: Run Behavior\BuildLiteBehavior [ RunTime:0.000009s ]
INFO: [ app_init ] --END-- [ RunTime:0.000169s ]
ERR: 无法加载模块:Plugins

[ 2015-12-25T01:03:26+08:00 ] 192.168.1.83 /filter/index.php/plugins/page_notes/styles/page_notes.css
INFO: [ app_init ] --START--
INFO: Run Behavior\BuildLiteBehavior [ RunTime:0.000013s ]
INFO: [ app_init ] --END-- [ RunTime:0.000241s ]
ERR: 无法加载模块:Plugins

[ 2015-12-25T01:03:26+08:00 ] 192.168.1.83 /filter/index.php/plugins/page_notes/page_notes.js
INFO: [ app_init ] --START--
INFO: Run Behavior\BuildLiteBehavior [ RunTime:0.000018s ]
INFO: [ app_init ] --END-- [ RunTime:0.000345s ]
ERR: 无法加载模块:Plugins

[ 2015-12-25T01:03:26+08:00 ] 192.168.1.83 /filter/index.php/resources/expand.html
INFO: [ app_init ] --START--
INFO: Run Behavior\BuildLiteBehavior [ RunTime:0.000011s ]
INFO: [ app_init ] --END-- [ RunTime:0.000232s ]
ERR: 无法加载模块:Resources

[ 2015-12-25T01:03:28+08:00 ] 192.168.1.83 /filter/index.php/resources/scripts/jquery-1.7.1.min.js
INFO: [ app_init ] --START--
INFO: Run Behavior\BuildLiteBehavior [ RunTime:0.000010s ]
INFO: [ app_init ] --END-- [ RunTime:0.000169s ]
ERR: 无法加载模块:Resources

[ 2015-12-25T01:03:28+08:00 ] 192.168.1.83 /filter/index.php/resources/scripts/player/splitter.js
INFO: [ app_init ] --START--
INFO: Run Behavior\BuildLiteBehavior [ RunTime:0.000009s ]
INFO: [ app_init ] --END-- [ RunTime:0.000165s ]
ERR: 无法加载模块:Resources

[ 2015-12-25T01:03:28+08:00 ] 192.168.1.83 /filter/index.php/resources/scripts/axutils.js
INFO: [ app_init ] --START--
INFO: Run Behavior\BuildLiteBehavior [ RunTime:0.000010s ]
INFO: [ app_init ] --END-- [ RunTime:0.000162s ]
ERR: 无法加载模块:Resources

[ 2015-12-25T01:03:28+08:00 ] 192.168.1.83 /filter/index.php/resources/scripts/player/axplayer.js
INFO: [ app_init ] --START--
INFO: Run Behavior\BuildLiteBehavior [ RunTime:0.000014s ]
INFO: [ app_init ] --END-- [ RunTime:0.000254s ]
ERR: 无法加载模块:Resources

[ 2015-12-25T01:03:28+08:00 ] 192.168.1.83 /filter/index.php/resources/scripts/messagecenter.js
INFO: [ app_init ] --START--
INFO: Run Behavior\BuildLiteBehavior [ RunTime:0.000009s ]
INFO: [ app_init ] --END-- [ RunTime:0.000164s ]
ERR: 无法加载模块:Resources

[ 2015-12-25T01:03:28+08:00 ] 192.168.1.83 /filter/index.php/resources/css/default.css
INFO: [ app_init ] --START--
INFO: Run Behavior\BuildLiteBehavior [ RunTime:0.000037s ]
INFO: [ app_init ] --END-- [ RunTime:0.000818s ]
ERR: 无法加载模块:Resources

[ 2015-12-25T01:03:28+08:00 ] 192.168.1.83 /filter/index.php/plugins/page_notes/styles/page_notes.css
INFO: [ app_init ] --START--
INFO: Run Behavior\BuildLiteBehavior [ RunTime:0.000010s ]
INFO: [ app_init ] --END-- [ RunTime:0.000192s ]
ERR: 无法加载模块:Plugins

[ 2015-12-25T01:03:28+08:00 ] 192.168.1.83 /filter/index.php/plugins/sitemap/styles/sitemap.css
INFO: [ app_init ] --START--
INFO: Run Behavior\BuildLiteBehavior [ RunTime:0.000012s ]
INFO: [ app_init ] --END-- [ RunTime:0.000203s ]
ERR: 无法加载模块:Plugins

[ 2015-12-25T01:03:28+08:00 ] 192.168.1.83 /filter/index.php/resources/css/reset.css
INFO: [ app_init ] --START--
INFO: Run Behavior\BuildLiteBehavior [ RunTime:0.000113s ]
INFO: [ app_init ] --END-- [ RunTime:0.000324s ]
ERR: 无法加载模块:Resources

[ 2015-12-25T01:03:28+08:00 ] 192.168.1.83 /filter/index.php/data/document.js
INFO: [ app_init ] --START--
INFO: Run Behavior\BuildLiteBehavior [ RunTime:0.000016s ]
INFO: [ app_init ] --END-- [ RunTime:0.000208s ]
ERR: 无法加载模块:Data

[ 2015-12-25T01:03:28+08:00 ] 192.168.1.83 /filter/index.php/resources/scripts/jquery-1.7.1.min.js
INFO: [ app_init ] --START--
INFO: Run Behavior\BuildLiteBehavior [ RunTime:0.000011s ]
INFO: [ app_init ] --END-- [ RunTime:0.000194s ]
ERR: 无法加载模块:Resources

[ 2015-12-25T01:03:28+08:00 ] 192.168.1.83 /filter/index.php/plugins/page_notes/page_notes.js
INFO: [ app_init ] --START--
INFO: Run Behavior\BuildLiteBehavior [ RunTime:0.000018s ]
INFO: [ app_init ] --END-- [ RunTime:0.000266s ]
ERR: 无法加载模块:Plugins

[ 2015-12-25T01:03:28+08:00 ] 192.168.1.83 /filter/index.php/plugins/sitemap/sitemap.js
INFO: [ app_init ] --START--
INFO: Run Behavior\BuildLiteBehavior [ RunTime:0.000016s ]
INFO: [ app_init ] --END-- [ RunTime:0.000289s ]
ERR: 无法加载模块:Plugins

[ 2015-12-25T01:03:28+08:00 ] 192.168.1.83 /filter/index.php/resources/scripts/player/splitter.js
INFO: [ app_init ] --START--
INFO: Run Behavior\BuildLiteBehavior [ RunTime:0.000011s ]
INFO: [ app_init ] --END-- [ RunTime:0.000175s ]
ERR: 无法加载模块:Resources

[ 2015-12-25T01:03:28+08:00 ] 192.168.1.83 /filter/index.php/resources/scripts/axutils.js
INFO: [ app_init ] --START--
INFO: Run Behavior\BuildLiteBehavior [ RunTime:0.000016s ]
INFO: [ app_init ] --END-- [ RunTime:0.000264s ]
ERR: 无法加载模块:Resources

[ 2015-12-25T01:03:28+08:00 ] 192.168.1.83 /filter/index.php/resources/scripts/player/axplayer.js
INFO: [ app_init ] --START--
INFO: Run Behavior\BuildLiteBehavior [ RunTime:0.000012s ]
INFO: [ app_init ] --END-- [ RunTime:0.000228s ]
ERR: 无法加载模块:Resources

[ 2015-12-25T01:03:28+08:00 ] 192.168.1.83 /filter/index.php/resources/scripts/messagecenter.js
INFO: [ app_init ] --START--
INFO: Run Behavior\BuildLiteBehavior [ RunTime:0.000009s ]
INFO: [ app_init ] --END-- [ RunTime:0.000196s ]
ERR: 无法加载模块:Resources

[ 2015-12-25T01:03:28+08:00 ] 192.168.1.83 /filter/index.php/data/document.js
INFO: [ app_init ] --START--
INFO: Run Behavior\BuildLiteBehavior [ RunTime:0.000015s ]
INFO: [ app_init ] --END-- [ RunTime:0.000258s ]
ERR: 无法加载模块:Data

[ 2015-12-25T01:03:28+08:00 ] 192.168.1.83 /filter/index.php/plugins/sitemap/styles/sitemap.css
INFO: [ app_init ] --START--
INFO: Run Behavior\BuildLiteBehavior [ RunTime:0.000018s ]
INFO: [ app_init ] --END-- [ RunTime:0.000328s ]
ERR: 无法加载模块:Plugins

[ 2015-12-25T01:03:28+08:00 ] 192.168.1.83 /filter/index.php/plugins/sitemap/sitemap.js
INFO: [ app_init ] --START--
INFO: Run Behavior\BuildLiteBehavior [ RunTime:0.000015s ]
INFO: [ app_init ] --END-- [ RunTime:0.000263s ]
ERR: 无法加载模块:Plugins

[ 2015-12-25T01:03:28+08:00 ] 192.168.1.83 /filter/index.php/plugins/page_notes/styles/page_notes.css
INFO: [ app_init ] --START--
INFO: Run Behavior\BuildLiteBehavior [ RunTime:0.000010s ]
INFO: [ app_init ] --END-- [ RunTime:0.000164s ]
ERR: 无法加载模块:Plugins

[ 2015-12-25T01:03:28+08:00 ] 192.168.1.83 /filter/index.php/plugins/page_notes/page_notes.js
INFO: [ app_init ] --START--
INFO: Run Behavior\BuildLiteBehavior [ RunTime:0.000009s ]
INFO: [ app_init ] --END-- [ RunTime:0.000157s ]
ERR: 无法加载模块:Plugins

[ 2015-12-25T01:03:28+08:00 ] 192.168.1.83 /filter/index.php/resources/expand.html
INFO: [ app_init ] --START--
INFO: Run Behavior\BuildLiteBehavior [ RunTime:0.000011s ]
INFO: [ app_init ] --END-- [ RunTime:0.000169s ]
ERR: 无法加载模块:Resources

[ 2015-12-25T01:05:17+08:00 ] 192.168.1.83 /filter/index.php/plugins/sitemap/sitemap.js
INFO: [ app_init ] --START--
INFO: Run Behavior\BuildLiteBehavior [ RunTime:0.000010s ]
INFO: [ app_init ] --END-- [ RunTime:0.000212s ]
ERR: 无法加载模块:Plugins

[ 2015-12-25T01:05:17+08:00 ] 192.168.1.83 /filter/index.php/plugins/page_notes/styles/page_notes.css
INFO: [ app_init ] --START--
INFO: Run Behavior\BuildLiteBehavior [ RunTime:0.000015s ]
INFO: [ app_init ] --END-- [ RunTime:0.000322s ]
ERR: 无法加载模块:Plugins

[ 2015-12-25T01:05:17+08:00 ] 192.168.1.83 /filter/index.php/plugins/page_notes/page_notes.js
INFO: [ app_init ] --START--
INFO: Run Behavior\BuildLiteBehavior [ RunTime:0.000009s ]
INFO: [ app_init ] --END-- [ RunTime:0.000157s ]
ERR: 无法加载模块:Plugins

[ 2015-12-25T01:05:17+08:00 ] 192.168.1.83 /filter/index.php/plugins/sitemap/styles/sitemap.css
INFO: [ app_init ] --START--
INFO: Run Behavior\BuildLiteBehavior [ RunTime:0.000026s ]
INFO: [ app_init ] --END-- [ RunTime:0.027367s ]
ERR: 无法加载模块:Plugins

[ 2015-12-25T01:05:17+08:00 ] 192.168.1.83 /filter/index.php/resources/expand.html
INFO: [ app_init ] --START--
INFO: Run Behavior\BuildLiteBehavior [ RunTime:0.000014s ]
INFO: [ app_init ] --END-- [ RunTime:0.000261s ]
ERR: 无法加载模块:Resources

[ 2015-12-25T01:05:18+08:00 ] 192.168.1.83 /filter/index.php/plugins/sitemap/sitemap.js
INFO: [ app_init ] --START--
INFO: Run Behavior\BuildLiteBehavior [ RunTime:0.000010s ]
INFO: [ app_init ] --END-- [ RunTime:0.000166s ]
ERR: 无法加载模块:Plugins

[ 2015-12-25T01:05:18+08:00 ] 192.168.1.83 /filter/index.php/plugins/page_notes/styles/page_notes.css
INFO: [ app_init ] --START--
INFO: Run Behavior\BuildLiteBehavior [ RunTime:0.000012s ]
INFO: [ app_init ] --END-- [ RunTime:0.000267s ]
ERR: 无法加载模块:Plugins

[ 2015-12-25T01:05:18+08:00 ] 192.168.1.83 /filter/index.php/plugins/page_notes/page_notes.js
INFO: [ app_init ] --START--
INFO: Run Behavior\BuildLiteBehavior [ RunTime:0.000010s ]
INFO: [ app_init ] --END-- [ RunTime:0.000160s ]
ERR: 无法加载模块:Plugins

[ 2015-12-25T01:05:18+08:00 ] 192.168.1.83 /filter/index.php/plugins/sitemap/styles/sitemap.css
INFO: [ app_init ] --START--
INFO: Run Behavior\BuildLiteBehavior [ RunTime:0.000015s ]
INFO: [ app_init ] --END-- [ RunTime:0.000255s ]
ERR: 无法加载模块:Plugins

[ 2015-12-25T01:05:18+08:00 ] 192.168.1.83 /filter/index.php/resources/expand.html
INFO: [ app_init ] --START--
INFO: Run Behavior\BuildLiteBehavior [ RunTime:0.000010s ]
INFO: [ app_init ] --END-- [ RunTime:0.000166s ]
ERR: 无法加载模块:Resources

[ 2015-12-25T01:06:07+08:00 ] 192.168.1.83 /filter/index.php/resources/css/default.css
INFO: [ app_init ] --START--
INFO: Run Behavior\BuildLiteBehavior [ RunTime:0.000022s ]
INFO: [ app_init ] --END-- [ RunTime:0.000433s ]
ERR: 无法加载模块:Resources

[ 2015-12-25T01:06:07+08:00 ] 192.168.1.83 /filter/index.php/resources/scripts/jquery-1.7.1.min.js
INFO: [ app_init ] --START--
INFO: Run Behavior\BuildLiteBehavior [ RunTime:0.000022s ]
INFO: [ app_init ] --END-- [ RunTime:0.000327s ]
ERR: 无法加载模块:Resources

[ 2015-12-25T01:06:07+08:00 ] 192.168.1.83 /filter/index.php/resources/scripts/player/splitter.js
INFO: [ app_init ] --START--
INFO: Run Behavior\BuildLiteBehavior [ RunTime:0.000011s ]
INFO: [ app_init ] --END-- [ RunTime:0.000191s ]
ERR: 无法加载模块:Resources

[ 2015-12-25T01:06:07+08:00 ] 192.168.1.83 /filter/index.php/resources/scripts/messagecenter.js
INFO: [ app_init ] --START--
INFO: Run Behavior\BuildLiteBehavior [ RunTime:0.000010s ]
INFO: [ app_init ] --END-- [ RunTime:0.000171s ]
ERR: 无法加载模块:Resources

[ 2015-12-25T01:06:07+08:00 ] 192.168.1.83 /filter/index.php/data/document.js
INFO: [ app_init ] --START--
INFO: Run Behavior\BuildLiteBehavior [ RunTime:0.000010s ]
INFO: [ app_init ] --END-- [ RunTime:0.000165s ]
ERR: 无法加载模块:Data

[ 2015-12-25T01:06:07+08:00 ] 192.168.1.83 /filter/index.php/resources/scripts/player/axplayer.js
INFO: [ app_init ] --START--
INFO: Run Behavior\BuildLiteBehavior [ RunTime:0.000015s ]
INFO: [ app_init ] --END-- [ RunTime:0.000306s ]
ERR: 无法加载模块:Resources

[ 2015-12-25T01:06:07+08:00 ] 192.168.1.83 /filter/index.php/resources/scripts/axutils.js
INFO: [ app_init ] --START--
INFO: Run Behavior\BuildLiteBehavior [ RunTime:0.000011s ]
INFO: [ app_init ] --END-- [ RunTime:0.000212s ]
ERR: 无法加载模块:Resources

[ 2015-12-25T01:06:07+08:00 ] 192.168.1.83 /filter/index.php/resources/css/reset.css
INFO: [ app_init ] --START--
INFO: Run Behavior\BuildLiteBehavior [ RunTime:0.000011s ]
INFO: [ app_init ] --END-- [ RunTime:0.000178s ]
ERR: 无法加载模块:Resources

[ 2015-12-25T01:06:07+08:00 ] 192.168.1.83 /filter/index.php/plugins/page_notes/page_notes.js
INFO: [ app_init ] --START--
INFO: Run Behavior\BuildLiteBehavior [ RunTime:0.000020s ]
INFO: [ app_init ] --END-- [ RunTime:0.000427s ]
ERR: 无法加载模块:Plugins

[ 2015-12-25T01:06:07+08:00 ] 192.168.1.83 /filter/index.php/resources/scripts/jquery-1.7.1.min.js
INFO: [ app_init ] --START--
INFO: Run Behavior\BuildLiteBehavior [ RunTime:0.000019s ]
INFO: [ app_init ] --END-- [ RunTime:0.000652s ]
ERR: 无法加载模块:Resources

[ 2015-12-25T01:06:07+08:00 ] 192.168.1.83 /filter/index.php/plugins/page_notes/styles/page_notes.css
INFO: [ app_init ] --START--
INFO: Run Behavior\BuildLiteBehavior [ RunTime:0.000015s ]
INFO: [ app_init ] --END-- [ RunTime:0.000205s ]
ERR: 无法加载模块:Plugins

[ 2015-12-25T01:06:07+08:00 ] 192.168.1.83 /filter/index.php/plugins/sitemap/styles/sitemap.css
INFO: [ app_init ] --START--
INFO: Run Behavior\BuildLiteBehavior [ RunTime:0.000014s ]
INFO: [ app_init ] --END-- [ RunTime:0.000241s ]
ERR: 无法加载模块:Plugins

[ 2015-12-25T01:06:07+08:00 ] 192.168.1.83 /filter/index.php/resources/scripts/player/splitter.js
INFO: [ app_init ] --START--
INFO: Run Behavior\BuildLiteBehavior [ RunTime:0.000014s ]
INFO: [ app_init ] --END-- [ RunTime:0.000256s ]
ERR: 无法加载模块:Resources

[ 2015-12-25T01:06:07+08:00 ] 192.168.1.83 /filter/index.php/plugins/sitemap/sitemap.js
INFO: [ app_init ] --START--
INFO: Run Behavior\BuildLiteBehavior [ RunTime:0.000023s ]
INFO: [ app_init ] --END-- [ RunTime:0.000679s ]
ERR: 无法加载模块:Plugins

[ 2015-12-25T01:06:07+08:00 ] 192.168.1.83 /filter/index.php/resources/scripts/axutils.js
INFO: [ app_init ] --START--
INFO: Run Behavior\BuildLiteBehavior [ RunTime:0.000010s ]
INFO: [ app_init ] --END-- [ RunTime:0.000170s ]
ERR: 无法加载模块:Resources

[ 2015-12-25T01:06:07+08:00 ] 192.168.1.83 /filter/index.php/resources/scripts/player/axplayer.js
INFO: [ app_init ] --START--
INFO: Run Behavior\BuildLiteBehavior [ RunTime:0.000016s ]
INFO: [ app_init ] --END-- [ RunTime:0.000318s ]
ERR: 无法加载模块:Resources

[ 2015-12-25T01:06:07+08:00 ] 192.168.1.83 /filter/index.php/resources/scripts/messagecenter.js
INFO: [ app_init ] --START--
INFO: Run Behavior\BuildLiteBehavior [ RunTime:0.000011s ]
INFO: [ app_init ] --END-- [ RunTime:0.000184s ]
ERR: 无法加载模块:Resources

[ 2015-12-25T01:06:07+08:00 ] 192.168.1.83 /filter/index.php/data/document.js
INFO: [ app_init ] --START--
INFO: Run Behavior\BuildLiteBehavior [ RunTime:0.000018s ]
INFO: [ app_init ] --END-- [ RunTime:0.000241s ]
ERR: 无法加载模块:Data

[ 2015-12-25T01:06:07+08:00 ] 192.168.1.83 /filter/index.php/plugins/sitemap/styles/sitemap.css
INFO: [ app_init ] --START--
INFO: Run Behavior\BuildLiteBehavior [ RunTime:0.000008s ]
INFO: [ app_init ] --END-- [ RunTime:0.000153s ]
ERR: 无法加载模块:Plugins

[ 2015-12-25T01:06:07+08:00 ] 192.168.1.83 /filter/index.php/plugins/sitemap/sitemap.js
INFO: [ app_init ] --START--
INFO: Run Behavior\BuildLiteBehavior [ RunTime:0.000010s ]
INFO: [ app_init ] --END-- [ RunTime:0.000221s ]
ERR: 无法加载模块:Plugins

[ 2015-12-25T01:06:07+08:00 ] 192.168.1.83 /filter/index.php/plugins/page_notes/styles/page_notes.css
INFO: [ app_init ] --START--
INFO: Run Behavior\BuildLiteBehavior [ RunTime:0.000016s ]
INFO: [ app_init ] --END-- [ RunTime:0.000334s ]
ERR: 无法加载模块:Plugins

[ 2015-12-25T01:06:07+08:00 ] 192.168.1.83 /filter/index.php/plugins/page_notes/page_notes.js
INFO: [ app_init ] --START--
INFO: Run Behavior\BuildLiteBehavior [ RunTime:0.000010s ]
INFO: [ app_init ] --END-- [ RunTime:0.000187s ]
ERR: 无法加载模块:Plugins

[ 2015-12-25T01:06:07+08:00 ] 192.168.1.83 /filter/index.php/resources/expand.html
INFO: [ app_init ] --START--
INFO: Run Behavior\BuildLiteBehavior [ RunTime:0.000015s ]
INFO: [ app_init ] --END-- [ RunTime:0.000253s ]
ERR: 无法加载模块:Resources

[ 2015-12-25T01:06:08+08:00 ] 192.168.1.83 /filter/index.php/resources/css/default.css
INFO: [ app_init ] --START--
INFO: Run Behavior\BuildLiteBehavior [ RunTime:0.000013s ]
INFO: [ app_init ] --END-- [ RunTime:0.000229s ]
ERR: 无法加载模块:Resources

[ 2015-12-25T01:06:08+08:00 ] 192.168.1.83 /filter/index.php/resources/scripts/jquery-1.7.1.min.js
INFO: [ app_init ] --START--
INFO: Run Behavior\BuildLiteBehavior [ RunTime:0.000012s ]
INFO: [ app_init ] --END-- [ RunTime:0.000190s ]
ERR: 无法加载模块:Resources

[ 2015-12-25T01:06:08+08:00 ] 192.168.1.83 /filter/index.php/resources/scripts/player/splitter.js
INFO: [ app_init ] --START--
INFO: Run Behavior\BuildLiteBehavior [ RunTime:0.000016s ]
INFO: [ app_init ] --END-- [ RunTime:0.000331s ]
ERR: 无法加载模块:Resources

[ 2015-12-25T01:06:08+08:00 ] 192.168.1.83 /filter/index.php/resources/scripts/axutils.js
INFO: [ app_init ] --START--
INFO: Run Behavior\BuildLiteBehavior [ RunTime:0.000010s ]
INFO: [ app_init ] --END-- [ RunTime:0.000205s ]
ERR: 无法加载模块:Resources

[ 2015-12-25T01:06:08+08:00 ] 192.168.1.83 /filter/index.php/resources/scripts/messagecenter.js
INFO: [ app_init ] --START--
INFO: Run Behavior\BuildLiteBehavior [ RunTime:0.000008s ]
INFO: [ app_init ] --END-- [ RunTime:0.000157s ]
ERR: 无法加载模块:Resources

[ 2015-12-25T01:06:08+08:00 ] 192.168.1.83 /filter/index.php/plugins/sitemap/styles/sitemap.css
INFO: [ app_init ] --START--
INFO: Run Behavior\BuildLiteBehavior [ RunTime:0.000010s ]
INFO: [ app_init ] --END-- [ RunTime:0.000176s ]
ERR: 无法加载模块:Plugins

[ 2015-12-25T01:06:08+08:00 ] 192.168.1.83 /filter/index.php/data/document.js
INFO: [ app_init ] --START--
INFO: Run Behavior\BuildLiteBehavior [ RunTime:0.000010s ]
INFO: [ app_init ] --END-- [ RunTime:0.000162s ]
ERR: 无法加载模块:Data

[ 2015-12-25T01:06:08+08:00 ] 192.168.1.83 /filter/index.php/resources/scripts/player/axplayer.js
INFO: [ app_init ] --START--
INFO: Run Behavior\BuildLiteBehavior [ RunTime:0.000103s ]
INFO: [ app_init ] --END-- [ RunTime:0.031577s ]
ERR: 无法加载模块:Resources

[ 2015-12-25T01:06:08+08:00 ] 192.168.1.83 /filter/index.php/resources/css/reset.css
INFO: [ app_init ] --START--
INFO: Run Behavior\BuildLiteBehavior [ RunTime:0.000015s ]
INFO: [ app_init ] --END-- [ RunTime:0.000249s ]
ERR: 无法加载模块:Resources

[ 2015-12-25T01:06:08+08:00 ] 192.168.1.83 /filter/index.php/plugins/sitemap/sitemap.js
INFO: [ app_init ] --START--
INFO: Run Behavior\BuildLiteBehavior [ RunTime:0.000010s ]
INFO: [ app_init ] --END-- [ RunTime:0.000162s ]
ERR: 无法加载模块:Plugins

[ 2015-12-25T01:06:08+08:00 ] 192.168.1.83 /filter/index.php/plugins/page_notes/styles/page_notes.css
INFO: [ app_init ] --START--
INFO: Run Behavior\BuildLiteBehavior [ RunTime:0.000009s ]
INFO: [ app_init ] --END-- [ RunTime:0.000169s ]
ERR: 无法加载模块:Plugins

[ 2015-12-25T01:06:08+08:00 ] 192.168.1.83 /filter/index.php/plugins/page_notes/page_notes.js
INFO: [ app_init ] --START--
INFO: Run Behavior\BuildLiteBehavior [ RunTime:0.000009s ]
INFO: [ app_init ] --END-- [ RunTime:0.000165s ]
ERR: 无法加载模块:Plugins

[ 2015-12-25T01:06:08+08:00 ] 192.168.1.83 /filter/index.php/resources/scripts/jquery-1.7.1.min.js
INFO: [ app_init ] --START--
INFO: Run Behavior\BuildLiteBehavior [ RunTime:0.000010s ]
INFO: [ app_init ] --END-- [ RunTime:0.000164s ]
ERR: 无法加载模块:Resources

[ 2015-12-25T01:06:08+08:00 ] 192.168.1.83 /filter/index.php/resources/scripts/player/splitter.js
INFO: [ app_init ] --START--
INFO: Run Behavior\BuildLiteBehavior [ RunTime:0.000010s ]
INFO: [ app_init ] --END-- [ RunTime:0.000209s ]
ERR: 无法加载模块:Resources

[ 2015-12-25T01:06:08+08:00 ] 192.168.1.83 /filter/index.php/resources/scripts/axutils.js
INFO: [ app_init ] --START--
INFO: Run Behavior\BuildLiteBehavior [ RunTime:0.000009s ]
INFO: [ app_init ] --END-- [ RunTime:0.000162s ]
ERR: 无法加载模块:Resources

[ 2015-12-25T01:06:08+08:00 ] 192.168.1.83 /filter/index.php/resources/scripts/player/axplayer.js
INFO: [ app_init ] --START--
INFO: Run Behavior\BuildLiteBehavior [ RunTime:0.000010s ]
INFO: [ app_init ] --END-- [ RunTime:0.000211s ]
ERR: 无法加载模块:Resources

[ 2015-12-25T01:06:08+08:00 ] 192.168.1.83 /filter/index.php/resources/scripts/messagecenter.js
INFO: [ app_init ] --START--
INFO: Run Behavior\BuildLiteBehavior [ RunTime:0.000008s ]
INFO: [ app_init ] --END-- [ RunTime:0.000157s ]
ERR: 无法加载模块:Resources

[ 2015-12-25T01:06:08+08:00 ] 192.168.1.83 /filter/index.php/data/document.js
INFO: [ app_init ] --START--
INFO: Run Behavior\BuildLiteBehavior [ RunTime:0.000008s ]
INFO: [ app_init ] --END-- [ RunTime:0.000156s ]
ERR: 无法加载模块:Data

[ 2015-12-25T01:06:08+08:00 ] 192.168.1.83 /filter/index.php/plugins/sitemap/styles/sitemap.css
INFO: [ app_init ] --START--
INFO: Run Behavior\BuildLiteBehavior [ RunTime:0.000014s ]
INFO: [ app_init ] --END-- [ RunTime:0.000262s ]
ERR: 无法加载模块:Plugins

[ 2015-12-25T01:06:08+08:00 ] 192.168.1.83 /filter/index.php/plugins/sitemap/sitemap.js
INFO: [ app_init ] --START--
INFO: Run Behavior\BuildLiteBehavior [ RunTime:0.000010s ]
INFO: [ app_init ] --END-- [ RunTime:0.000175s ]
ERR: 无法加载模块:Plugins

[ 2015-12-25T01:06:08+08:00 ] 192.168.1.83 /filter/index.php/plugins/page_notes/styles/page_notes.css
INFO: [ app_init ] --START--
INFO: Run Behavior\BuildLiteBehavior [ RunTime:0.000010s ]
INFO: [ app_init ] --END-- [ RunTime:0.000171s ]
ERR: 无法加载模块:Plugins

[ 2015-12-25T01:06:08+08:00 ] 192.168.1.83 /filter/index.php/plugins/page_notes/page_notes.js
INFO: [ app_init ] --START--
INFO: Run Behavior\BuildLiteBehavior [ RunTime:0.000009s ]
INFO: [ app_init ] --END-- [ RunTime:0.000157s ]
ERR: 无法加载模块:Plugins

[ 2015-12-25T01:06:09+08:00 ] 192.168.1.83 /filter/index.php/resources/expand.html
INFO: [ app_init ] --START--
INFO: Run Behavior\BuildLiteBehavior [ RunTime:0.000009s ]
INFO: [ app_init ] --END-- [ RunTime:0.000163s ]
ERR: 无法加载模块:Resources

[ 2015-12-25T01:06:12+08:00 ] 192.168.1.83 /filter/index.php/resources/scripts/jquery-1.7.1.min.js
INFO: [ app_init ] --START--
INFO: Run Behavior\BuildLiteBehavior [ RunTime:0.000017s ]
INFO: [ app_init ] --END-- [ RunTime:0.000508s ]
ERR: 无法加载模块:Resources

[ 2015-12-25T01:06:12+08:00 ] 192.168.1.83 /filter/index.php/resources/scripts/player/splitter.js
INFO: [ app_init ] --START--
INFO: Run Behavior\BuildLiteBehavior [ RunTime:0.000011s ]
INFO: [ app_init ] --END-- [ RunTime:0.000185s ]
ERR: 无法加载模块:Resources

[ 2015-12-25T01:06:12+08:00 ] 192.168.1.83 /filter/index.php/resources/scripts/axutils.js
INFO: [ app_init ] --START--
INFO: Run Behavior\BuildLiteBehavior [ RunTime:0.000015s ]
INFO: [ app_init ] --END-- [ RunTime:0.000258s ]
ERR: 无法加载模块:Resources

[ 2015-12-25T01:06:12+08:00 ] 192.168.1.83 /filter/index.php/resources/scripts/player/axplayer.js
INFO: [ app_init ] --START--
INFO: Run Behavior\BuildLiteBehavior [ RunTime:0.000012s ]
INFO: [ app_init ] --END-- [ RunTime:0.000338s ]
ERR: 无法加载模块:Resources

[ 2015-12-25T01:06:12+08:00 ] 192.168.1.83 /filter/index.php/data/document.js
INFO: [ app_init ] --START--
INFO: Run Behavior\BuildLiteBehavior [ RunTime:0.000011s ]
INFO: [ app_init ] --END-- [ RunTime:0.000216s ]
ERR: 无法加载模块:Data

[ 2015-12-25T01:06:12+08:00 ] 192.168.1.83 /filter/index.php/resources/scripts/messagecenter.js
INFO: [ app_init ] --START--
INFO: Run Behavior\BuildLiteBehavior [ RunTime:0.000009s ]
INFO: [ app_init ] --END-- [ RunTime:0.000163s ]
ERR: 无法加载模块:Resources

[ 2015-12-25T01:06:12+08:00 ] 192.168.1.83 /filter/index.php/resources/css/default.css
INFO: [ app_init ] --START--
INFO: Run Behavior\BuildLiteBehavior [ RunTime:0.000019s ]
INFO: [ app_init ] --END-- [ RunTime:0.000366s ]
ERR: 无法加载模块:Resources

[ 2015-12-25T01:06:12+08:00 ] 192.168.1.83 /filter/index.php/plugins/sitemap/styles/sitemap.css
INFO: [ app_init ] --START--
INFO: Run Behavior\BuildLiteBehavior [ RunTime:0.000010s ]
INFO: [ app_init ] --END-- [ RunTime:0.000164s ]
ERR: 无法加载模块:Plugins

[ 2015-12-25T01:06:12+08:00 ] 192.168.1.83 /filter/index.php/plugins/sitemap/sitemap.js
INFO: [ app_init ] --START--
INFO: Run Behavior\BuildLiteBehavior [ RunTime:0.000014s ]
INFO: [ app_init ] --END-- [ RunTime:0.000248s ]
ERR: 无法加载模块:Plugins

[ 2015-12-25T01:06:12+08:00 ] 192.168.1.83 /filter/index.php/resources/css/reset.css
INFO: [ app_init ] --START--
INFO: Run Behavior\BuildLiteBehavior [ RunTime:0.000015s ]
INFO: [ app_init ] --END-- [ RunTime:0.000258s ]
ERR: 无法加载模块:Resources

[ 2015-12-25T01:06:12+08:00 ] 192.168.1.83 /filter/index.php/plugins/page_notes/page_notes.js
INFO: [ app_init ] --START--
INFO: Run Behavior\BuildLiteBehavior [ RunTime:0.000010s ]
INFO: [ app_init ] --END-- [ RunTime:0.000163s ]
ERR: 无法加载模块:Plugins

[ 2015-12-25T01:06:12+08:00 ] 192.168.1.83 /filter/index.php/resources/scripts/jquery-1.7.1.min.js
INFO: [ app_init ] --START--
INFO: Run Behavior\BuildLiteBehavior [ RunTime:0.000009s ]
INFO: [ app_init ] --END-- [ RunTime:0.000161s ]
ERR: 无法加载模块:Resources

[ 2015-12-25T01:06:12+08:00 ] 192.168.1.83 /filter/index.php/resources/scripts/player/splitter.js
INFO: [ app_init ] --START--
INFO: Run Behavior\BuildLiteBehavior [ RunTime:0.000014s ]
INFO: [ app_init ] --END-- [ RunTime:0.000272s ]
ERR: 无法加载模块:Resources

[ 2015-12-25T01:06:12+08:00 ] 192.168.1.83 /filter/index.php/plugins/page_notes/styles/page_notes.css
INFO: [ app_init ] --START--
INFO: Run Behavior\BuildLiteBehavior [ RunTime:0.000022s ]
INFO: [ app_init ] --END-- [ RunTime:0.000433s ]
ERR: 无法加载模块:Plugins

[ 2015-12-25T01:06:12+08:00 ] 192.168.1.83 /filter/index.php/resources/scripts/axutils.js
INFO: [ app_init ] --START--
INFO: Run Behavior\BuildLiteBehavior [ RunTime:0.000010s ]
INFO: [ app_init ] --END-- [ RunTime:0.000159s ]
ERR: 无法加载模块:Resources

[ 2015-12-25T01:06:12+08:00 ] 192.168.1.83 /filter/index.php/resources/scripts/player/axplayer.js
INFO: [ app_init ] --START--
INFO: Run Behavior\BuildLiteBehavior [ RunTime:0.000010s ]
INFO: [ app_init ] --END-- [ RunTime:0.000163s ]
ERR: 无法加载模块:Resources

[ 2015-12-25T01:06:12+08:00 ] 192.168.1.83 /filter/index.php/resources/scripts/messagecenter.js
INFO: [ app_init ] --START--
INFO: Run Behavior\BuildLiteBehavior [ RunTime:0.000010s ]
INFO: [ app_init ] --END-- [ RunTime:0.000167s ]
ERR: 无法加载模块:Resources

[ 2015-12-25T01:06:12+08:00 ] 192.168.1.83 /filter/index.php/data/document.js
INFO: [ app_init ] --START--
INFO: Run Behavior\BuildLiteBehavior [ RunTime:0.000009s ]
INFO: [ app_init ] --END-- [ RunTime:0.000195s ]
ERR: 无法加载模块:Data

[ 2015-12-25T01:06:12+08:00 ] 192.168.1.83 /filter/index.php/plugins/sitemap/styles/sitemap.css
INFO: [ app_init ] --START--
INFO: Run Behavior\BuildLiteBehavior [ RunTime:0.000016s ]
INFO: [ app_init ] --END-- [ RunTime:0.000287s ]
ERR: 无法加载模块:Plugins

[ 2015-12-25T01:06:12+08:00 ] 192.168.1.83 /filter/index.php/plugins/sitemap/sitemap.js
INFO: [ app_init ] --START--
INFO: Run Behavior\BuildLiteBehavior [ RunTime:0.000011s ]
INFO: [ app_init ] --END-- [ RunTime:0.000239s ]
ERR: 无法加载模块:Plugins

[ 2015-12-25T01:06:12+08:00 ] 192.168.1.83 /filter/index.php/plugins/page_notes/styles/page_notes.css
INFO: [ app_init ] --START--
INFO: Run Behavior\BuildLiteBehavior [ RunTime:0.000010s ]
INFO: [ app_init ] --END-- [ RunTime:0.000187s ]
ERR: 无法加载模块:Plugins

[ 2015-12-25T01:06:12+08:00 ] 192.168.1.83 /filter/index.php/plugins/page_notes/page_notes.js
INFO: [ app_init ] --START--
INFO: Run Behavior\BuildLiteBehavior [ RunTime:0.000009s ]
INFO: [ app_init ] --END-- [ RunTime:0.000159s ]
ERR: 无法加载模块:Plugins

[ 2015-12-25T01:06:12+08:00 ] 192.168.1.83 /filter/index.php/resources/expand.html
INFO: [ app_init ] --START--
INFO: Run Behavior\BuildLiteBehavior [ RunTime:0.000011s ]
INFO: [ app_init ] --END-- [ RunTime:0.000253s ]
ERR: 无法加载模块:Resources

[ 2015-12-25T01:06:13+08:00 ] 192.168.1.83 /filter/index.php/resources/scripts/jquery-1.7.1.min.js
INFO: [ app_init ] --START--
INFO: Run Behavior\BuildLiteBehavior [ RunTime:0.000013s ]
INFO: [ app_init ] --END-- [ RunTime:0.000224s ]
ERR: 无法加载模块:Resources

[ 2015-12-25T01:06:13+08:00 ] 192.168.1.83 /filter/index.php/resources/scripts/player/splitter.js
INFO: [ app_init ] --START--
INFO: Run Behavior\BuildLiteBehavior [ RunTime:0.000010s ]
INFO: [ app_init ] --END-- [ RunTime:0.000170s ]
ERR: 无法加载模块:Resources

[ 2015-12-25T01:06:13+08:00 ] 192.168.1.83 /filter/index.php/resources/scripts/axutils.js
INFO: [ app_init ] --START--
INFO: Run Behavior\BuildLiteBehavior [ RunTime:0.000009s ]
INFO: [ app_init ] --END-- [ RunTime:0.000161s ]
ERR: 无法加载模块:Resources

[ 2015-12-25T01:06:13+08:00 ] 192.168.1.83 /filter/index.php/resources/scripts/messagecenter.js
INFO: [ app_init ] --START--
INFO: Run Behavior\BuildLiteBehavior [ RunTime:0.000009s ]
INFO: [ app_init ] --END-- [ RunTime:0.000163s ]
ERR: 无法加载模块:Resources

[ 2015-12-25T01:06:13+08:00 ] 192.168.1.83 /filter/index.php/plugins/sitemap/styles/sitemap.css
INFO: [ app_init ] --START--
INFO: Run Behavior\BuildLiteBehavior [ RunTime:0.000010s ]
INFO: [ app_init ] --END-- [ RunTime:0.000163s ]
ERR: 无法加载模块:Plugins

[ 2015-12-25T01:06:13+08:00 ] 192.168.1.83 /filter/index.php/resources/scripts/player/axplayer.js
INFO: [ app_init ] --START--
INFO: Run Behavior\BuildLiteBehavior [ RunTime:0.000015s ]
INFO: [ app_init ] --END-- [ RunTime:0.000278s ]
ERR: 无法加载模块:Resources

[ 2015-12-25T01:06:13+08:00 ] 192.168.1.83 /filter/index.php/data/document.js
INFO: [ app_init ] --START--
INFO: Run Behavior\BuildLiteBehavior [ RunTime:0.000009s ]
INFO: [ app_init ] --END-- [ RunTime:0.000169s ]
ERR: 无法加载模块:Data

[ 2015-12-25T01:06:13+08:00 ] 192.168.1.83 /filter/index.php/resources/css/default.css
INFO: [ app_init ] --START--
INFO: Run Behavior\BuildLiteBehavior [ RunTime:0.000014s ]
INFO: [ app_init ] --END-- [ RunTime:0.000277s ]
ERR: 无法加载模块:Resources

[ 2015-12-25T01:06:13+08:00 ] 192.168.1.83 /filter/index.php/resources/css/reset.css
INFO: [ app_init ] --START--
INFO: Run Behavior\BuildLiteBehavior [ RunTime:0.000011s ]
INFO: [ app_init ] --END-- [ RunTime:0.000189s ]
ERR: 无法加载模块:Resources

[ 2015-12-25T01:06:13+08:00 ] 192.168.1.83 /filter/index.php/plugins/page_notes/page_notes.js
INFO: [ app_init ] --START--
INFO: Run Behavior\BuildLiteBehavior [ RunTime:0.000012s ]
INFO: [ app_init ] --END-- [ RunTime:0.000224s ]
ERR: 无法加载模块:Plugins

[ 2015-12-25T01:06:13+08:00 ] 192.168.1.83 /filter/index.php/plugins/sitemap/sitemap.js
INFO: [ app_init ] --START--
INFO: Run Behavior\BuildLiteBehavior [ RunTime:0.000009s ]
INFO: [ app_init ] --END-- [ RunTime:0.000159s ]
ERR: 无法加载模块:Plugins

[ 2015-12-25T01:06:13+08:00 ] 192.168.1.83 /filter/index.php/resources/scripts/jquery-1.7.1.min.js
INFO: [ app_init ] --START--
INFO: Run Behavior\BuildLiteBehavior [ RunTime:0.000016s ]
INFO: [ app_init ] --END-- [ RunTime:0.000317s ]
ERR: 无法加载模块:Resources

[ 2015-12-25T01:06:13+08:00 ] 192.168.1.83 /filter/index.php/plugins/page_notes/styles/page_notes.css
INFO: [ app_init ] --START--
INFO: Run Behavior\BuildLiteBehavior [ RunTime:0.000015s ]
INFO: [ app_init ] --END-- [ RunTime:0.000254s ]
ERR: 无法加载模块:Plugins

[ 2015-12-25T01:06:13+08:00 ] 192.168.1.83 /filter/index.php/resources/scripts/player/splitter.js
INFO: [ app_init ] --START--
INFO: Run Behavior\BuildLiteBehavior [ RunTime:0.000010s ]
INFO: [ app_init ] --END-- [ RunTime:0.000161s ]
ERR: 无法加载模块:Resources

[ 2015-12-25T01:06:13+08:00 ] 192.168.1.83 /filter/index.php/resources/scripts/axutils.js
INFO: [ app_init ] --START--
INFO: Run Behavior\BuildLiteBehavior [ RunTime:0.000010s ]
INFO: [ app_init ] --END-- [ RunTime:0.000164s ]
ERR: 无法加载模块:Resources

[ 2015-12-25T01:06:13+08:00 ] 192.168.1.83 /filter/index.php/resources/scripts/player/axplayer.js
INFO: [ app_init ] --START--
INFO: Run Behavior\BuildLiteBehavior [ RunTime:0.000009s ]
INFO: [ app_init ] --END-- [ RunTime:0.000156s ]
ERR: 无法加载模块:Resources

[ 2015-12-25T01:06:13+08:00 ] 192.168.1.83 /filter/index.php/resources/scripts/messagecenter.js
INFO: [ app_init ] --START--
INFO: Run Behavior\BuildLiteBehavior [ RunTime:0.000009s ]
INFO: [ app_init ] --END-- [ RunTime:0.000162s ]
ERR: 无法加载模块:Resources

[ 2015-12-25T01:06:13+08:00 ] 192.168.1.83 /filter/index.php/data/document.js
INFO: [ app_init ] --START--
INFO: Run Behavior\BuildLiteBehavior [ RunTime:0.000009s ]
INFO: [ app_init ] --END-- [ RunTime:0.000161s ]
ERR: 无法加载模块:Data

[ 2015-12-25T01:06:13+08:00 ] 192.168.1.83 /filter/index.php/plugins/sitemap/styles/sitemap.css
INFO: [ app_init ] --START--
INFO: Run Behavior\BuildLiteBehavior [ RunTime:0.000010s ]
INFO: [ app_init ] --END-- [ RunTime:0.000213s ]
ERR: 无法加载模块:Plugins

[ 2015-12-25T01:06:13+08:00 ] 192.168.1.83 /filter/index.php/plugins/sitemap/sitemap.js
INFO: [ app_init ] --START--
INFO: Run Behavior\BuildLiteBehavior [ RunTime:0.000016s ]
INFO: [ app_init ] --END-- [ RunTime:0.000252s ]
ERR: 无法加载模块:Plugins

[ 2015-12-25T01:06:13+08:00 ] 192.168.1.83 /filter/index.php/plugins/page_notes/styles/page_notes.css
INFO: [ app_init ] --START--
INFO: Run Behavior\BuildLiteBehavior [ RunTime:0.000018s ]
INFO: [ app_init ] --END-- [ RunTime:0.000328s ]
ERR: 无法加载模块:Plugins

[ 2015-12-25T01:06:13+08:00 ] 192.168.1.83 /filter/index.php/plugins/page_notes/page_notes.js
INFO: [ app_init ] --START--
INFO: Run Behavior\BuildLiteBehavior [ RunTime:0.000009s ]
INFO: [ app_init ] --END-- [ RunTime:0.000162s ]
ERR: 无法加载模块:Plugins

[ 2015-12-25T01:06:13+08:00 ] 192.168.1.83 /filter/index.php/resources/expand.html
INFO: [ app_init ] --START--
INFO: Run Behavior\BuildLiteBehavior [ RunTime:0.000010s ]
INFO: [ app_init ] --END-- [ RunTime:0.000167s ]
ERR: 无法加载模块:Resources

[ 2015-12-25T01:06:14+08:00 ] 192.168.1.83 /filter/index.php/resources/scripts/axutils.js
INFO: [ app_init ] --START--
INFO: Run Behavior\BuildLiteBehavior [ RunTime:0.000010s ]
INFO: [ app_init ] --END-- [ RunTime:0.000182s ]
ERR: 无法加载模块:Resources

[ 2015-12-25T01:06:14+08:00 ] 192.168.1.83 /filter/index.php/resources/scripts/jquery-1.7.1.min.js
INFO: [ app_init ] --START--
INFO: Run Behavior\BuildLiteBehavior [ RunTime:0.000015s ]
INFO: [ app_init ] --END-- [ RunTime:0.000291s ]
ERR: 无法加载模块:Resources

[ 2015-12-25T01:06:14+08:00 ] 192.168.1.83 /filter/index.php/resources/scripts/player/splitter.js
INFO: [ app_init ] --START--
INFO: Run Behavior\BuildLiteBehavior [ RunTime:0.000018s ]
INFO: [ app_init ] --END-- [ RunTime:0.000414s ]
ERR: 无法加载模块:Resources

[ 2015-12-25T01:06:14+08:00 ] 192.168.1.83 /filter/index.php/resources/css/default.css
INFO: [ app_init ] --START--
INFO: Run Behavior\BuildLiteBehavior [ RunTime:0.000019s ]
INFO: [ app_init ] --END-- [ RunTime:0.000325s ]
ERR: 无法加载模块:Resources

[ 2015-12-25T01:06:14+08:00 ] 192.168.1.83 /filter/index.php/resources/css/reset.css
INFO: [ app_init ] --START--
INFO: Run Behavior\BuildLiteBehavior [ RunTime:0.000012s ]
INFO: [ app_init ] --END-- [ RunTime:0.000205s ]
ERR: 无法加载模块:Resources

[ 2015-12-25T01:06:14+08:00 ] 192.168.1.83 /filter/index.php/resources/scripts/jquery-1.7.1.min.js
INFO: [ app_init ] --START--
INFO: Run Behavior\BuildLiteBehavior [ RunTime:0.000012s ]
INFO: [ app_init ] --END-- [ RunTime:0.000206s ]
ERR: 无法加载模块:Resources

[ 2015-12-25T01:06:14+08:00 ] 192.168.1.83 /filter/index.php/resources/css/default.css
INFO: [ app_init ] --START--
INFO: Run Behavior\BuildLiteBehavior [ RunTime:0.000009s ]
INFO: [ app_init ] --END-- [ RunTime:0.000160s ]
ERR: 无法加载模块:Resources

[ 2015-12-25T01:06:14+08:00 ] 192.168.1.83 /filter/index.php/resources/scripts/player/splitter.js
INFO: [ app_init ] --START--
INFO: Run Behavior\BuildLiteBehavior [ RunTime:0.000009s ]
INFO: [ app_init ] --END-- [ RunTime:0.000162s ]
ERR: 无法加载模块:Resources

[ 2015-12-25T01:06:14+08:00 ] 192.168.1.83 /filter/index.php/resources/scripts/axutils.js
INFO: [ app_init ] --START--
INFO: Run Behavior\BuildLiteBehavior [ RunTime:0.000014s ]
INFO: [ app_init ] --END-- [ RunTime:0.000186s ]
ERR: 无法加载模块:Resources

[ 2015-12-25T01:06:14+08:00 ] 192.168.1.83 /filter/index.php/resources/scripts/player/axplayer.js
INFO: [ app_init ] --START--
INFO: Run Behavior\BuildLiteBehavior [ RunTime:0.000011s ]
INFO: [ app_init ] --END-- [ RunTime:0.000178s ]
ERR: 无法加载模块:Resources

[ 2015-12-25T01:06:14+08:00 ] 192.168.1.83 /filter/index.php/data/document.js
INFO: [ app_init ] --START--
INFO: Run Behavior\BuildLiteBehavior [ RunTime:0.000015s ]
INFO: [ app_init ] --END-- [ RunTime:0.000232s ]
ERR: 无法加载模块:Data

[ 2015-12-25T01:06:14+08:00 ] 192.168.1.83 /filter/index.php/plugins/sitemap/sitemap.js
INFO: [ app_init ] --START--
INFO: Run Behavior\BuildLiteBehavior [ RunTime:0.000011s ]
INFO: [ app_init ] --END-- [ RunTime:0.000171s ]
ERR: 无法加载模块:Plugins

[ 2015-12-25T01:06:14+08:00 ] 192.168.1.83 /filter/index.php/plugins/sitemap/styles/sitemap.css
INFO: [ app_init ] --START--
INFO: Run Behavior\BuildLiteBehavior [ RunTime:0.000019s ]
INFO: [ app_init ] --END-- [ RunTime:0.000267s ]
ERR: 无法加载模块:Plugins

[ 2015-12-25T01:06:14+08:00 ] 192.168.1.83 /filter/index.php/plugins/page_notes/styles/page_notes.css
INFO: [ app_init ] --START--
INFO: Run Behavior\BuildLiteBehavior [ RunTime:0.000008s ]
INFO: [ app_init ] --END-- [ RunTime:0.000154s ]
ERR: 无法加载模块:Plugins

[ 2015-12-25T01:06:14+08:00 ] 192.168.1.83 /filter/index.php/resources/scripts/messagecenter.js
INFO: [ app_init ] --START--
INFO: Run Behavior\BuildLiteBehavior [ RunTime:0.000011s ]
INFO: [ app_init ] --END-- [ RunTime:0.000211s ]
ERR: 无法加载模块:Resources

[ 2015-12-25T01:06:14+08:00 ] 192.168.1.83 /filter/index.php/resources/css/reset.css
INFO: [ app_init ] --START--
INFO: Run Behavior\BuildLiteBehavior [ RunTime:0.000013s ]
INFO: [ app_init ] --END-- [ RunTime:0.000251s ]
ERR: 无法加载模块:Resources

[ 2015-12-25T01:06:14+08:00 ] 192.168.1.83 /filter/index.php/plugins/page_notes/page_notes.js
INFO: [ app_init ] --START--
INFO: Run Behavior\BuildLiteBehavior [ RunTime:0.000011s ]
INFO: [ app_init ] --END-- [ RunTime:0.000203s ]
ERR: 无法加载模块:Plugins

[ 2015-12-25T01:06:14+08:00 ] 192.168.1.83 /filter/index.php/resources/scripts/jquery-1.7.1.min.js
INFO: [ app_init ] --START--
INFO: Run Behavior\BuildLiteBehavior [ RunTime:0.000010s ]
INFO: [ app_init ] --END-- [ RunTime:0.000192s ]
ERR: 无法加载模块:Resources

[ 2015-12-25T01:06:14+08:00 ] 192.168.1.83 /filter/index.php/resources/scripts/player/splitter.js
INFO: [ app_init ] --START--
INFO: Run Behavior\BuildLiteBehavior [ RunTime:0.000010s ]
INFO: [ app_init ] --END-- [ RunTime:0.000165s ]
ERR: 无法加载模块:Resources

[ 2015-12-25T01:06:14+08:00 ] 192.168.1.83 /filter/index.php/resources/scripts/axutils.js
INFO: [ app_init ] --START--
INFO: Run Behavior\BuildLiteBehavior [ RunTime:0.000013s ]
INFO: [ app_init ] --END-- [ RunTime:0.000209s ]
ERR: 无法加载模块:Resources

[ 2015-12-25T01:06:14+08:00 ] 192.168.1.83 /filter/index.php/resources/scripts/player/axplayer.js
INFO: [ app_init ] --START--
INFO: Run Behavior\BuildLiteBehavior [ RunTime:0.000011s ]
INFO: [ app_init ] --END-- [ RunTime:0.000197s ]
ERR: 无法加载模块:Resources

[ 2015-12-25T01:06:14+08:00 ] 192.168.1.83 /filter/index.php/resources/scripts/messagecenter.js
INFO: [ app_init ] --START--
INFO: Run Behavior\BuildLiteBehavior [ RunTime:0.000030s ]
INFO: [ app_init ] --END-- [ RunTime:0.000180s ]
ERR: 无法加载模块:Resources

[ 2015-12-25T01:06:14+08:00 ] 192.168.1.83 /filter/index.php/data/document.js
INFO: [ app_init ] --START--
INFO: Run Behavior\BuildLiteBehavior [ RunTime:0.000016s ]
INFO: [ app_init ] --END-- [ RunTime:0.000291s ]
ERR: 无法加载模块:Data

[ 2015-12-25T01:06:14+08:00 ] 192.168.1.83 /filter/index.php/plugins/sitemap/styles/sitemap.css
INFO: [ app_init ] --START--
INFO: Run Behavior\BuildLiteBehavior [ RunTime:0.000009s ]
INFO: [ app_init ] --END-- [ RunTime:0.000154s ]
ERR: 无法加载模块:Plugins

[ 2015-12-25T01:06:14+08:00 ] 192.168.1.83 /filter/index.php/plugins/sitemap/sitemap.js
INFO: [ app_init ] --START--
INFO: Run Behavior\BuildLiteBehavior [ RunTime:0.000010s ]
INFO: [ app_init ] --END-- [ RunTime:0.000211s ]
ERR: 无法加载模块:Plugins

[ 2015-12-25T01:06:14+08:00 ] 192.168.1.83 /filter/index.php/plugins/page_notes/page_notes.js
INFO: [ app_init ] --START--
INFO: Run Behavior\BuildLiteBehavior [ RunTime:0.000012s ]
INFO: [ app_init ] --END-- [ RunTime:0.000227s ]
ERR: 无法加载模块:Plugins

[ 2015-12-25T01:06:14+08:00 ] 192.168.1.83 /filter/index.php/plugins/page_notes/styles/page_notes.css
INFO: [ app_init ] --START--
INFO: Run Behavior\BuildLiteBehavior [ RunTime:0.000042s ]
INFO: [ app_init ] --END-- [ RunTime:0.000369s ]
ERR: 无法加载模块:Plugins

[ 2015-12-25T01:06:14+08:00 ] 192.168.1.83 /filter/index.php/resources/expand.html
INFO: [ app_init ] --START--
INFO: Run Behavior\BuildLiteBehavior [ RunTime:0.000015s ]
INFO: [ app_init ] --END-- [ RunTime:0.000276s ]
ERR: 无法加载模块:Resources

[ 2015-12-25T01:08:43+08:00 ] 192.168.1.83 /filter/index.php/resources/css/default.css
INFO: [ app_init ] --START--
INFO: Run Behavior\BuildLiteBehavior [ RunTime:0.000010s ]
INFO: [ app_init ] --END-- [ RunTime:0.000163s ]
ERR: 无法加载模块:Resources

[ 2015-12-25T01:08:43+08:00 ] 192.168.1.83 /filter/index.php/resources/scripts/player/splitter.js
INFO: [ app_init ] --START--
INFO: Run Behavior\BuildLiteBehavior [ RunTime:0.000009s ]
INFO: [ app_init ] --END-- [ RunTime:0.000160s ]
ERR: 无法加载模块:Resources

[ 2015-12-25T01:08:43+08:00 ] 192.168.1.83 /filter/index.php/resources/scripts/axutils.js
INFO: [ app_init ] --START--
INFO: Run Behavior\BuildLiteBehavior [ RunTime:0.000011s ]
INFO: [ app_init ] --END-- [ RunTime:0.000181s ]
ERR: 无法加载模块:Resources

[ 2015-12-25T01:08:43+08:00 ] 192.168.1.83 /filter/index.php/resources/scripts/player/axplayer.js
INFO: [ app_init ] --START--
INFO: Run Behavior\BuildLiteBehavior [ RunTime:0.000009s ]
INFO: [ app_init ] --END-- [ RunTime:0.000161s ]
ERR: 无法加载模块:Resources

[ 2015-12-25T01:08:43+08:00 ] 192.168.1.83 /filter/index.php/data/document.js
INFO: [ app_init ] --START--
INFO: Run Behavior\BuildLiteBehavior [ RunTime:0.000012s ]
INFO: [ app_init ] --END-- [ RunTime:0.000208s ]
ERR: 无法加载模块:Data

[ 2015-12-25T01:08:43+08:00 ] 192.168.1.83 /filter/index.php/resources/scripts/messagecenter.js
INFO: [ app_init ] --START--
INFO: Run Behavior\BuildLiteBehavior [ RunTime:0.000014s ]
INFO: [ app_init ] --END-- [ RunTime:0.000257s ]
ERR: 无法加载模块:Resources

[ 2015-12-25T01:08:43+08:00 ] 192.168.1.83 /filter/index.php/plugins/sitemap/styles/sitemap.css
INFO: [ app_init ] --START--
INFO: Run Behavior\BuildLiteBehavior [ RunTime:0.000012s ]
INFO: [ app_init ] --END-- [ RunTime:0.000205s ]
ERR: 无法加载模块:Plugins

[ 2015-12-25T01:08:43+08:00 ] 192.168.1.83 /filter/index.php/resources/scripts/jquery-1.7.1.min.js
INFO: [ app_init ] --START--
INFO: Run Behavior\BuildLiteBehavior [ RunTime:0.000015s ]
INFO: [ app_init ] --END-- [ RunTime:0.000282s ]
ERR: 无法加载模块:Resources

[ 2015-12-25T01:08:43+08:00 ] 192.168.1.83 /filter/index.php/resources/css/reset.css
INFO: [ app_init ] --START--
INFO: Run Behavior\BuildLiteBehavior [ RunTime:0.000015s ]
INFO: [ app_init ] --END-- [ RunTime:0.000276s ]
ERR: 无法加载模块:Resources

[ 2015-12-25T01:08:43+08:00 ] 192.168.1.83 /filter/index.php/plugins/page_notes/page_notes.js
INFO: [ app_init ] --START--
INFO: Run Behavior\BuildLiteBehavior [ RunTime:0.000012s ]
INFO: [ app_init ] --END-- [ RunTime:0.000194s ]
ERR: 无法加载模块:Plugins

[ 2015-12-25T01:08:43+08:00 ] 192.168.1.83 /filter/index.php/plugins/sitemap/sitemap.js
INFO: [ app_init ] --START--
INFO: Run Behavior\BuildLiteBehavior [ RunTime:0.000020s ]
INFO: [ app_init ] --END-- [ RunTime:0.000412s ]
ERR: 无法加载模块:Plugins

[ 2015-12-25T01:08:43+08:00 ] 192.168.1.83 /filter/index.php/plugins/page_notes/styles/page_notes.css
INFO: [ app_init ] --START--
INFO: Run Behavior\BuildLiteBehavior [ RunTime:0.000019s ]
INFO: [ app_init ] --END-- [ RunTime:0.000333s ]
ERR: 无法加载模块:Plugins

[ 2015-12-25T01:08:43+08:00 ] 192.168.1.83 /filter/index.php/resources/scripts/jquery-1.7.1.min.js
INFO: [ app_init ] --START--
INFO: Run Behavior\BuildLiteBehavior [ RunTime:0.000018s ]
INFO: [ app_init ] --END-- [ RunTime:0.000368s ]
ERR: 无法加载模块:Resources

[ 2015-12-25T01:08:43+08:00 ] 192.168.1.83 /filter/index.php/resources/scripts/player/splitter.js
INFO: [ app_init ] --START--
INFO: Run Behavior\BuildLiteBehavior [ RunTime:0.000010s ]
INFO: [ app_init ] --END-- [ RunTime:0.000177s ]
ERR: 无法加载模块:Resources

[ 2015-12-25T01:08:43+08:00 ] 192.168.1.83 /filter/index.php/resources/scripts/axutils.js
INFO: [ app_init ] --START--
INFO: Run Behavior\BuildLiteBehavior [ RunTime:0.000012s ]
INFO: [ app_init ] --END-- [ RunTime:0.000199s ]
ERR: 无法加载模块:Resources

[ 2015-12-25T01:08:43+08:00 ] 192.168.1.83 /filter/index.php/resources/scripts/player/axplayer.js
INFO: [ app_init ] --START--
INFO: Run Behavior\BuildLiteBehavior [ RunTime:0.000016s ]
INFO: [ app_init ] --END-- [ RunTime:0.000416s ]
ERR: 无法加载模块:Resources

[ 2015-12-25T01:08:43+08:00 ] 192.168.1.83 /filter/index.php/resources/scripts/messagecenter.js
INFO: [ app_init ] --START--
INFO: Run Behavior\BuildLiteBehavior [ RunTime:0.000010s ]
INFO: [ app_init ] --END-- [ RunTime:0.000173s ]
ERR: 无法加载模块:Resources

[ 2015-12-25T01:08:43+08:00 ] 192.168.1.83 /filter/index.php/data/document.js
INFO: [ app_init ] --START--
INFO: Run Behavior\BuildLiteBehavior [ RunTime:0.000013s ]
INFO: [ app_init ] --END-- [ RunTime:0.000217s ]
ERR: 无法加载模块:Data

[ 2015-12-25T01:08:43+08:00 ] 192.168.1.83 /filter/index.php/plugins/sitemap/styles/sitemap.css
INFO: [ app_init ] --START--
INFO: Run Behavior\BuildLiteBehavior [ RunTime:0.000013s ]
INFO: [ app_init ] --END-- [ RunTime:0.000269s ]
ERR: 无法加载模块:Plugins

[ 2015-12-25T01:08:43+08:00 ] 192.168.1.83 /filter/index.php/plugins/sitemap/sitemap.js
INFO: [ app_init ] --START--
INFO: Run Behavior\BuildLiteBehavior [ RunTime:0.000015s ]
INFO: [ app_init ] --END-- [ RunTime:0.000211s ]
ERR: 无法加载模块:Plugins

[ 2015-12-25T01:08:43+08:00 ] 192.168.1.83 /filter/index.php/plugins/page_notes/styles/page_notes.css
INFO: [ app_init ] --START--
INFO: Run Behavior\BuildLiteBehavior [ RunTime:0.000011s ]
INFO: [ app_init ] --END-- [ RunTime:0.000222s ]
ERR: 无法加载模块:Plugins

[ 2015-12-25T01:08:43+08:00 ] 192.168.1.83 /filter/index.php/plugins/page_notes/page_notes.js
INFO: [ app_init ] --START--
INFO: Run Behavior\BuildLiteBehavior [ RunTime:0.000012s ]
INFO: [ app_init ] --END-- [ RunTime:0.000214s ]
ERR: 无法加载模块:Plugins

[ 2015-12-25T01:08:43+08:00 ] 192.168.1.83 /filter/index.php/resources/expand.html
INFO: [ app_init ] --START--
INFO: Run Behavior\BuildLiteBehavior [ RunTime:0.000010s ]
INFO: [ app_init ] --END-- [ RunTime:0.000162s ]
ERR: 无法加载模块:Resources

